# Logfile created on 2014-05-23 19:08:00 -0400 by logger.rb/41954
I, [2014-05-23T19:08:00.687457 #23141]  INFO -- : 0:  i18n (0.6.9) from /Users/nhahn/.rvm/gems/ruby-2.0.0-p353/specifications/i18n-0.6.9.gemspec
I, [2014-05-23T19:08:00.688510 #23141]  INFO -- : 0:  json (1.8.1) from /Users/nhahn/.rvm/gems/ruby-2.0.0-p353/specifications/json-1.8.1.gemspec
I, [2014-05-23T19:08:01.194450 #23141]  INFO -- : 0:  minitest (5.3.4) from /Users/nhahn/.rvm/gems/ruby-2.0.0-p353/specifications/minitest-5.3.4.gemspec
I, [2014-05-23T19:08:01.194816 #23141]  INFO -- : 0:  thread_safe (0.3.3) from /Users/nhahn/.rvm/gems/ruby-2.0.0-p353/specifications/thread_safe-0.3.3.gemspec
I, [2014-05-23T19:08:01.725077 #23141]  INFO -- : 0:  tzinfo (1.1.0) from /Users/nhahn/.rvm/gems/ruby-2.0.0-p353/specifications/tzinfo-1.1.0.gemspec
I, [2014-05-23T19:08:02.440964 #23141]  INFO -- : 0:  activesupport (4.1.1) from /Users/nhahn/.rvm/gems/ruby-2.0.0-p353/specifications/activesupport-4.1.1.gemspec
I, [2014-05-23T19:08:02.441488 #23141]  INFO -- : 0:  blankslate (2.1.2.4) from /Users/nhahn/.rvm/gems/ruby-2.0.0-p353/specifications/blankslate-2.1.2.4.gemspec
I, [2014-05-23T19:08:02.442484 #23141]  INFO -- : 0:  timers (1.1.0) from /Users/nhahn/.rvm/gems/ruby-2.0.0-p353/specifications/timers-1.1.0.gemspec
I, [2014-05-23T19:08:02.442861 #23141]  INFO -- : 0:  celluloid (0.15.2) from /Users/nhahn/.rvm/gems/ruby-2.0.0-p353/specifications/celluloid-0.15.2.gemspec
I, [2014-05-23T19:08:02.443190 #23141]  INFO -- : 0:  fast-stemmer (1.0.2) from /Users/nhahn/.rvm/gems/ruby-2.0.0-p353/specifications/fast-stemmer-1.0.2.gemspec
I, [2014-05-23T19:08:02.443509 #23141]  INFO -- : 0:  classifier (1.3.4) from /Users/nhahn/.rvm/gems/ruby-2.0.0-p353/specifications/classifier-1.3.4.gemspec
I, [2014-05-23T19:08:02.443924 #23141]  INFO -- : 0:  coffee-script-source (1.7.0) from /Users/nhahn/.rvm/gems/ruby-2.0.0-p353/specifications/coffee-script-source-1.7.0.gemspec
I, [2014-05-23T19:08:02.444464 #23141]  INFO -- : 0:  execjs (2.0.2) from /Users/nhahn/.rvm/gems/ruby-2.0.0-p353/specifications/execjs-2.0.2.gemspec
I, [2014-05-23T19:08:02.444938 #23141]  INFO -- : 0:  coffee-script (2.2.0) from /Users/nhahn/.rvm/gems/ruby-2.0.0-p353/specifications/coffee-script-2.2.0.gemspec
I, [2014-05-23T19:08:02.445499 #23141]  INFO -- : 0:  colorator (0.1) from /Users/nhahn/.rvm/gems/ruby-2.0.0-p353/specifications/colorator-0.1.gemspec
I, [2014-05-23T19:08:02.445958 #23141]  INFO -- : 0:  ffi (1.9.3) from /Users/nhahn/.rvm/gems/ruby-2.0.0-p353/specifications/ffi-1.9.3.gemspec
I, [2014-05-23T19:08:05.316447 #23141]  INFO -- : 0:  gemoji (1.5.0) from /Users/nhahn/.rvm/gems/ruby-2.0.0-p353/specifications/gemoji-1.5.0.gemspec
I, [2014-05-23T19:08:05.718262 #23141]  INFO -- : 0:  mini_portile (0.6.0) from /Users/nhahn/.rvm/gems/ruby-2.0.0-p353/specifications/mini_portile-0.6.0.gemspec
I, [2014-05-23T19:09:02.646294 #23141]  INFO -- : 0:  nokogiri (1.6.2.1) from /Users/nhahn/.rvm/gems/ruby-2.0.0-p353/specifications/nokogiri-1.6.2.1.gemspec
I, [2014-05-23T19:09:03.481224 #23141]  INFO -- : 0:  html-pipeline (1.5.0) from /Users/nhahn/.rvm/gems/ruby-2.0.0-p353/specifications/html-pipeline-1.5.0.gemspec
I, [2014-05-23T19:09:03.481577 #23141]  INFO -- : 0:  jekyll-coffeescript (1.0.0) from /Users/nhahn/.rvm/gems/ruby-2.0.0-p353/specifications/jekyll-coffeescript-1.0.0.gemspec
I, [2014-05-23T19:09:04.130257 #23141]  INFO -- : 0:  sass (3.3.7) from /Users/nhahn/.rvm/gems/ruby-2.0.0-p353/specifications/sass-3.3.7.gemspec
I, [2014-05-23T19:09:04.130657 #23141]  INFO -- : 0:  jekyll-sass-converter (1.0.0) from /Users/nhahn/.rvm/gems/ruby-2.0.0-p353/specifications/jekyll-sass-converter-1.0.0.gemspec
I, [2014-05-23T19:09:04.130903 #23141]  INFO -- : 0:  kramdown (1.3.3) from /Users/nhahn/.rvm/gems/ruby-2.0.0-p353/specifications/kramdown-1.3.3.gemspec
I, [2014-05-23T19:09:04.131125 #23141]  INFO -- : 0:  liquid (2.5.5) from /Users/nhahn/.rvm/gems/ruby-2.0.0-p353/specifications/liquid-2.5.5.gemspec
I, [2014-05-23T19:09:04.131341 #23141]  INFO -- : 0:  rb-fsevent (0.9.4) from /Users/nhahn/.rvm/gems/ruby-2.0.0-p353/specifications/rb-fsevent-0.9.4.gemspec
I, [2014-05-23T19:09:04.131584 #23141]  INFO -- : 0:  rb-inotify (0.9.4) from /Users/nhahn/.rvm/gems/ruby-2.0.0-p353/specifications/rb-inotify-0.9.4.gemspec
I, [2014-05-23T19:09:04.566227 #23141]  INFO -- : 0:  listen (2.7.5) from /Users/nhahn/.rvm/gems/ruby-2.0.0-p353/specifications/listen-2.7.5.gemspec
I, [2014-05-23T19:09:04.566536 #23141]  INFO -- : 0:  mercenary (0.3.3) from /Users/nhahn/.rvm/gems/ruby-2.0.0-p353/specifications/mercenary-0.3.3.gemspec
I, [2014-05-23T19:09:04.566770 #23141]  INFO -- : 0:  posix-spawn (0.3.8) from /Users/nhahn/.rvm/gems/ruby-2.0.0-p353/specifications/posix-spawn-0.3.8.gemspec
I, [2014-05-23T19:09:04.567003 #23141]  INFO -- : 0:  yajl-ruby (1.1.0) from /Users/nhahn/.rvm/gems/ruby-2.0.0-p353/specifications/yajl-ruby-1.1.0.gemspec
I, [2014-05-23T19:09:04.567223 #23141]  INFO -- : 0:  pygments.rb (0.5.4) from /Users/nhahn/.rvm/gems/ruby-2.0.0-p353/specifications/pygments.rb-0.5.4.gemspec
I, [2014-05-23T19:09:06.298667 #23141]  INFO -- : 0:  redcarpet (3.1.2) from /Users/nhahn/.rvm/gems/ruby-2.0.0-p353/specifications/redcarpet-3.1.2.gemspec
I, [2014-05-23T19:09:06.299131 #23141]  INFO -- : 0:  safe_yaml (1.0.3) from /Users/nhahn/.rvm/gems/ruby-2.0.0-p353/specifications/safe_yaml-1.0.3.gemspec
I, [2014-05-23T19:09:06.299399 #23141]  INFO -- : 0:  parslet (1.5.0) from /Users/nhahn/.rvm/gems/ruby-2.0.0-p353/specifications/parslet-1.5.0.gemspec
I, [2014-05-23T19:09:06.299659 #23141]  INFO -- : 0:  toml (0.1.1) from /Users/nhahn/.rvm/gems/ruby-2.0.0-p353/specifications/toml-0.1.1.gemspec
I, [2014-05-23T19:09:06.299906 #23141]  INFO -- : 0:  jekyll (2.0.3) from /Users/nhahn/.rvm/gems/ruby-2.0.0-p353/specifications/jekyll-2.0.3.gemspec
I, [2014-05-23T19:09:07.092354 #23141]  INFO -- : 0:  jekyll-mentions (0.1.0) from /Users/nhahn/.rvm/gems/ruby-2.0.0-p353/specifications/jekyll-mentions-0.1.0.gemspec
I, [2014-05-23T19:09:07.921717 #23141]  INFO -- : 0:  jekyll-redirect-from (0.4.0) from /Users/nhahn/.rvm/gems/ruby-2.0.0-p353/specifications/jekyll-redirect-from-0.4.0.gemspec
I, [2014-05-23T19:09:08.732985 #23141]  INFO -- : 0:  jekyll-sitemap (0.4.1) from /Users/nhahn/.rvm/gems/ruby-2.0.0-p353/specifications/jekyll-sitemap-0.4.1.gemspec
I, [2014-05-23T19:09:09.553070 #23141]  INFO -- : 0:  jemoji (0.2.0) from /Users/nhahn/.rvm/gems/ruby-2.0.0-p353/specifications/jemoji-0.2.0.gemspec
I, [2014-05-23T19:09:09.553408 #23141]  INFO -- : 0:  bundler (1.5.1) from /Users/nhahn/.rvm/gems/ruby-2.0.0-p353@global/specifications/bundler-1.5.1.gemspec
